<?xml version="1.0" encoding="UTF-8"?>
<coverage generated="1629912936973" clover="3.2.0">
  <project timestamp="1629912936973" name="All files">
    <metrics statements="24" coveredstatements="9" conditionals="3" coveredconditionals="1" methods="12" coveredmethods="5" elements="39" coveredelements="15" complexity="0" loc="24" ncloc="24" packages="1" files="1" classes="1"/>
    <file name="operations.js" path="/mnt/c/Users/ruben/Documents/Microverse/Projects/Collaborative/TODOLIST/src/operations.js">
      <metrics statements="24" coveredstatements="9" conditionals="3" coveredconditionals="1" methods="12" coveredmethods="5"/>
      <line num="5" count="0" type="stmt"/>
      <line num="10" count="0" type="stmt"/>
      <line num="15" count="3" type="stmt"/>
      <line num="16" count="3" type="stmt"/>
      <line num="17" count="3" type="stmt"/>
      <line num="23" count="3" type="stmt"/>
      <line num="24" count="3" type="stmt"/>
      <line num="28" count="0" type="stmt"/>
      <line num="38" count="0" type="stmt"/>
      <line num="39" count="0" type="stmt"/>
      <line num="40" count="0" type="stmt"/>
      <line num="41" count="0" type="stmt"/>
      <line num="42" count="0" type="cond" truecount="0" falsecount="2"/>
      <line num="43" count="0" type="stmt"/>
      <line num="44" count="0" type="stmt"/>
      <line num="45" count="0" type="stmt"/>
      <line num="46" count="0" type="stmt"/>
      <line num="56" count="30" type="stmt"/>
      <line num="57" count="6" type="stmt"/>
      <line num="58" count="24" type="stmt"/>
      <line num="60" count="6" type="stmt"/>
      <line num="64" count="0" type="stmt"/>
      <line num="65" count="0" type="stmt"/>
      <line num="66" count="0" type="stmt"/>
    </file>
  </project>
</coverage>
