<?xml version="1.0" encoding="UTF-8"?>
<coverage generated="1629977734072" clover="3.2.0">
  <project timestamp="1629977734073" name="All files">
    <metrics statements="17" coveredstatements="14" conditionals="1" coveredconditionals="1" methods="12" coveredmethods="9" elements="30" coveredelements="24" complexity="0" loc="17" ncloc="17" packages="1" files="1" classes="1"/>
    <file name="operations.js" path="/home/kalunge/Desktop/Microverse/projects/TODOLIST/src/operations.js">
      <metrics statements="17" coveredstatements="14" conditionals="1" coveredconditionals="1" methods="12" coveredmethods="9"/>
      <line num="5" count="0" type="stmt"/>
      <line num="10" count="0" type="stmt"/>
      <line num="15" count="3" type="stmt"/>
      <line num="16" count="3" type="stmt"/>
      <line num="17" count="3" type="stmt"/>
      <line num="23" count="3" type="stmt"/>
      <line num="24" count="3" type="stmt"/>
      <line num="28" count="0" type="stmt"/>
      <line num="32" count="2" type="stmt"/>
      <line num="36" count="30" type="stmt"/>
      <line num="37" count="6" type="stmt"/>
      <line num="38" count="24" type="stmt"/>
      <line num="40" count="6" type="stmt"/>
      <line num="44" count="8" type="stmt"/>
      <line num="45" count="2" type="stmt"/>
      <line num="49" count="1" type="stmt"/>
      <line num="50" count="5" type="stmt"/>
    </file>
  </project>
</coverage>
