{"/home/kalunge/Desktop/Microverse/projects/TODOLIST/src/operations.js": {"path":"/home/kalunge/Desktop/Microverse/projects/TODOLIST/src/operations.js","statementMap":{"0":{"start":{"line":5,"column":4},"end":{"line":5,"column":44}},"1":{"start":{"line":10,"column":4},"end":{"line":10,"column":60}},"2":{"start":{"line":15,"column":4},"end":{"line":15,"column":35}},"3":{"start":{"line":16,"column":4},"end":{"line":16,"column":31}},"4":{"start":{"line":17,"column":4},"end":{"line":17,"column":23}},"5":{"start":{"line":23,"column":17},"end":{"line":23,"column":60}},"6":{"start":{"line":24,"column":4},"end":{"line":24,"column":21}},"7":{"start":{"line":28,"column":4},"end":{"line":28,"column":60}},"8":{"start":{"line":32,"column":4},"end":{"line":32,"column":29}},"9":{"start":{"line":36,"column":21},"end":{"line":36,"column":73}},"10":{"start":{"line":36,"column":47},"end":{"line":36,"column":72}},"11":{"start":{"line":37,"column":4},"end":{"line":39,"column":7}},"12":{"start":{"line":38,"column":6},"end":{"line":38,"column":46}},"13":{"start":{"line":40,"column":4},"end":{"line":40,"column":20}},"14":{"start":{"line":44,"column":4},"end":{"line":44,"column":52}},"15":{"start":{"line":44,"column":35},"end":{"line":44,"column":50}},"16":{"start":{"line":45,"column":4},"end":{"line":45,"column":17}},"17":{"start":{"line":49,"column":24},"end":{"line":51,"column":1}},"18":{"start":{"line":50,"column":2},"end":{"line":50,"column":35}}},"fnMap":{"0":{"name":"(anonymous_0)","decl":{"start":{"line":4,"column":2},"end":{"line":4,"column":3}},"loc":{"start":{"line":4,"column":20},"end":{"line":6,"column":3}},"line":4},"1":{"name":"(anonymous_1)","decl":{"start":{"line":8,"column":2},"end":{"line":8,"column":3}},"loc":{"start":{"line":8,"column":26},"end":{"line":11,"column":3}},"line":8},"2":{"name":"(anonymous_2)","decl":{"start":{"line":14,"column":2},"end":{"line":14,"column":3}},"loc":{"start":{"line":14,"column":53},"end":{"line":18,"column":3}},"line":14},"3":{"name":"(anonymous_3)","decl":{"start":{"line":22,"column":2},"end":{"line":22,"column":3}},"loc":{"start":{"line":22,"column":41},"end":{"line":25,"column":3}},"line":22},"4":{"name":"(anonymous_4)","decl":{"start":{"line":27,"column":2},"end":{"line":27,"column":3}},"loc":{"start":{"line":27,"column":40},"end":{"line":29,"column":3}},"line":27},"5":{"name":"(anonymous_5)","decl":{"start":{"line":31,"column":2},"end":{"line":31,"column":3}},"loc":{"start":{"line":31,"column":31},"end":{"line":33,"column":3}},"line":31},"6":{"name":"(anonymous_6)","decl":{"start":{"line":35,"column":2},"end":{"line":35,"column":3}},"loc":{"start":{"line":35,"column":36},"end":{"line":41,"column":3}},"line":35},"7":{"name":"(anonymous_7)","decl":{"start":{"line":36,"column":37},"end":{"line":36,"column":38}},"loc":{"start":{"line":36,"column":47},"end":{"line":36,"column":72}},"line":36},"8":{"name":"(anonymous_8)","decl":{"start":{"line":37,"column":21},"end":{"line":37,"column":22}},"loc":{"start":{"line":37,"column":31},"end":{"line":39,"column":5}},"line":37},"9":{"name":"(anonymous_9)","decl":{"start":{"line":43,"column":2},"end":{"line":43,"column":3}},"loc":{"start":{"line":43,"column":34},"end":{"line":46,"column":3}},"line":43},"10":{"name":"(anonymous_10)","decl":{"start":{"line":44,"column":25},"end":{"line":44,"column":26}},"loc":{"start":{"line":44,"column":35},"end":{"line":44,"column":50}},"line":44},"11":{"name":"(anonymous_11)","decl":{"start":{"line":49,"column":24},"end":{"line":49,"column":25}},"loc":{"start":{"line":49,"column":34},"end":{"line":51,"column":1}},"line":49}},"branchMap":{"0":{"loc":{"start":{"line":14,"column":27},"end":{"line":14,"column":44}},"type":"default-arg","locations":[{"start":{"line":14,"column":39},"end":{"line":14,"column":44}}],"line":14}},"s":{"0":0,"1":0,"2":3,"3":3,"4":3,"5":3,"6":3,"7":0,"8":2,"9":6,"10":30,"11":6,"12":24,"13":6,"14":2,"15":8,"16":2,"17":1,"18":5},"f":{"0":0,"1":0,"2":3,"3":3,"4":0,"5":2,"6":6,"7":30,"8":24,"9":2,"10":8,"11":5},"b":{"0":[3]},"_coverageSchema":"1a1c01bbd47fc00a2c39e90264f33305004495a9","hash":"8d8b91bc18577dc4e360ac2c67f05d1d00278fcf"}
}
