{"/home/kalunge/Desktop/Microverse/projects/TODOLIST/src/operations.js": {"path":"/home/kalunge/Desktop/Microverse/projects/TODOLIST/src/operations.js","statementMap":{"0":{"start":{"line":5,"column":4},"end":{"line":5,"column":44}},"1":{"start":{"line":10,"column":4},"end":{"line":10,"column":60}},"2":{"start":{"line":15,"column":4},"end":{"line":15,"column":35}},"3":{"start":{"line":16,"column":4},"end":{"line":16,"column":31}},"4":{"start":{"line":17,"column":4},"end":{"line":17,"column":23}},"5":{"start":{"line":23,"column":17},"end":{"line":23,"column":60}},"6":{"start":{"line":24,"column":4},"end":{"line":24,"column":21}},"7":{"start":{"line":28,"column":4},"end":{"line":28,"column":60}},"8":{"start":{"line":38,"column":23},"end":{"line":38,"column":54}},"9":{"start":{"line":39,"column":4},"end":{"line":39,"column":42}},"10":{"start":{"line":40,"column":4},"end":{"line":40,"column":23}},"11":{"start":{"line":41,"column":4},"end":{"line":48,"column":7}},"12":{"start":{"line":42,"column":6},"end":{"line":47,"column":7}},"13":{"start":{"line":43,"column":8},"end":{"line":43,"column":46}},"14":{"start":{"line":44,"column":8},"end":{"line":44,"column":51}},"15":{"start":{"line":45,"column":8},"end":{"line":45,"column":44}},"16":{"start":{"line":46,"column":8},"end":{"line":46,"column":50}},"17":{"start":{"line":56,"column":21},"end":{"line":56,"column":73}},"18":{"start":{"line":56,"column":47},"end":{"line":56,"column":72}},"19":{"start":{"line":57,"column":4},"end":{"line":59,"column":7}},"20":{"start":{"line":58,"column":6},"end":{"line":58,"column":46}},"21":{"start":{"line":60,"column":4},"end":{"line":60,"column":20}},"22":{"start":{"line":64,"column":4},"end":{"line":64,"column":52}},"23":{"start":{"line":64,"column":35},"end":{"line":64,"column":50}},"24":{"start":{"line":65,"column":4},"end":{"line":65,"column":46}},"25":{"start":{"line":66,"column":4},"end":{"line":66,"column":31}}},"fnMap":{"0":{"name":"(anonymous_0)","decl":{"start":{"line":4,"column":2},"end":{"line":4,"column":3}},"loc":{"start":{"line":4,"column":20},"end":{"line":6,"column":3}},"line":4},"1":{"name":"(anonymous_1)","decl":{"start":{"line":8,"column":2},"end":{"line":8,"column":3}},"loc":{"start":{"line":8,"column":26},"end":{"line":11,"column":3}},"line":8},"2":{"name":"(anonymous_2)","decl":{"start":{"line":14,"column":2},"end":{"line":14,"column":3}},"loc":{"start":{"line":14,"column":53},"end":{"line":18,"column":3}},"line":14},"3":{"name":"(anonymous_3)","decl":{"start":{"line":22,"column":2},"end":{"line":22,"column":3}},"loc":{"start":{"line":22,"column":41},"end":{"line":25,"column":3}},"line":22},"4":{"name":"(anonymous_4)","decl":{"start":{"line":27,"column":2},"end":{"line":27,"column":3}},"loc":{"start":{"line":27,"column":40},"end":{"line":29,"column":3}},"line":27},"5":{"name":"(anonymous_5)","decl":{"start":{"line":37,"column":2},"end":{"line":37,"column":3}},"loc":{"start":{"line":37,"column":49},"end":{"line":49,"column":3}},"line":37},"6":{"name":"(anonymous_6)","decl":{"start":{"line":41,"column":41},"end":{"line":41,"column":42}},"loc":{"start":{"line":41,"column":48},"end":{"line":48,"column":5}},"line":41},"7":{"name":"(anonymous_7)","decl":{"start":{"line":51,"column":2},"end":{"line":51,"column":3}},"loc":{"start":{"line":51,"column":36},"end":{"line":61,"column":3}},"line":51},"8":{"name":"(anonymous_8)","decl":{"start":{"line":56,"column":37},"end":{"line":56,"column":38}},"loc":{"start":{"line":56,"column":47},"end":{"line":56,"column":72}},"line":56},"9":{"name":"(anonymous_9)","decl":{"start":{"line":57,"column":21},"end":{"line":57,"column":22}},"loc":{"start":{"line":57,"column":31},"end":{"line":59,"column":5}},"line":57},"10":{"name":"(anonymous_10)","decl":{"start":{"line":63,"column":2},"end":{"line":63,"column":3}},"loc":{"start":{"line":63,"column":37},"end":{"line":67,"column":3}},"line":63},"11":{"name":"(anonymous_11)","decl":{"start":{"line":64,"column":25},"end":{"line":64,"column":26}},"loc":{"start":{"line":64,"column":35},"end":{"line":64,"column":50}},"line":64}},"branchMap":{"0":{"loc":{"start":{"line":14,"column":27},"end":{"line":14,"column":44}},"type":"default-arg","locations":[{"start":{"line":14,"column":39},"end":{"line":14,"column":44}}],"line":14},"1":{"loc":{"start":{"line":42,"column":6},"end":{"line":47,"column":7}},"type":"if","locations":[{"start":{"line":42,"column":6},"end":{"line":47,"column":7}},{"start":{"line":42,"column":6},"end":{"line":47,"column":7}}],"line":42}},"s":{"0":0,"1":0,"2":3,"3":3,"4":3,"5":3,"6":3,"7":0,"8":0,"9":0,"10":0,"11":0,"12":0,"13":0,"14":0,"15":0,"16":0,"17":2,"18":10,"19":2,"20":8,"21":2,"22":0,"23":0,"24":0,"25":0},"f":{"0":0,"1":0,"2":3,"3":3,"4":0,"5":0,"6":0,"7":2,"8":10,"9":8,"10":0,"11":0},"b":{"0":[3],"1":[0,0]},"_coverageSchema":"1a1c01bbd47fc00a2c39e90264f33305004495a9","hash":"6bfaa51f0bf6a7d02c34cf4329bfdb689fc18b76"}
}
