TN:
SF:src/operations.js
FN:4,(anonymous_0)
FN:8,(anonymous_1)
FN:14,(anonymous_2)
FN:22,(anonymous_3)
FN:27,(anonymous_4)
FN:31,(anonymous_5)
FN:35,(anonymous_6)
FN:36,(anonymous_7)
FN:37,(anonymous_8)
FN:43,(anonymous_9)
FN:44,(anonymous_10)
FN:49,(anonymous_11)
FNF:12
FNH:9
FNDA:0,(anonymous_0)
FNDA:0,(anonymous_1)
FNDA:3,(anonymous_2)
FNDA:3,(anonymous_3)
FNDA:0,(anonymous_4)
FNDA:2,(anonymous_5)
FNDA:6,(anonymous_6)
FNDA:30,(anonymous_7)
FNDA:24,(anonymous_8)
FNDA:2,(anonymous_9)
FNDA:8,(anonymous_10)
FNDA:5,(anonymous_11)
DA:5,0
DA:10,0
DA:15,3
DA:16,3
DA:17,3
DA:23,3
DA:24,3
DA:28,0
DA:32,2
DA:36,30
DA:37,6
DA:38,24
DA:40,6
DA:44,8
DA:45,2
DA:49,1
DA:50,5
LF:17
LH:14
BRDA:14,0,0,3
BRF:1
BRH:1
end_of_record
